[2024-08-08 21:41:26] [ INFO ] [OdontologoDAOH2:20] Comenzamos a persistir un odontologo
[2024-08-08 21:41:26] [ INFO ] [OdontologoDAOH2:41] Este es el odontologo que se guardó Oriana con id: 1
[2024-08-08 21:51:17] [ INFO ] [OdontologoDAOH2:21] Comenzamos a persistir un odontologo
[2024-08-08 21:51:17] [ INFO ] [OdontologoDAOH2:42] Este es el odontologo que se guardó Oriana con id: 1
[2024-08-08 21:51:18] [ INFO ] [OdontologoDAOH2:21] Comenzamos a persistir un odontologo
[2024-08-08 21:51:18] [ INFO ] [OdontologoDAOH2:42] Este es el odontologo que se guardó Anghelo con id: 2
[2024-08-08 21:51:18] [ INFO ] [OdontologoDAOH2:21] Comenzamos a persistir un odontologo
[2024-08-08 21:51:18] [ INFO ] [OdontologoDAOH2:42] Este es el odontologo que se guardó Pepito con id: 3
[2024-08-08 21:51:19] [ INFO ] [OdontologoDAOH2:61] Listamos todos los odontologos
[2024-08-08 21:51:19] [ INFO ] [OdontologoDAOH2:80] Lista de todos los odontologos
[2024-08-08 21:54:09] [ INFO ] [OdontologoDAOH2:21] Comenzamos a persistir un odontologo
[2024-08-08 21:54:09] [ INFO ] [OdontologoDAOH2:42] Este es el odontologo que se guardó Oriana con id: 1
[2024-08-08 21:54:09] [ INFO ] [OdontologoDAOH2:21] Comenzamos a persistir un odontologo
[2024-08-08 21:54:09] [ INFO ] [OdontologoDAOH2:42] Este es el odontologo que se guardó Anghelo con id: 2
[2024-08-08 21:54:09] [ INFO ] [OdontologoDAOH2:21] Comenzamos a persistir un odontologo
[2024-08-08 21:54:09] [ INFO ] [OdontologoDAOH2:42] Este es el odontologo que se guardó Pepito con id: 3
[2024-08-08 21:54:10] [ INFO ] [OdontologoDAOH2:61] Listamos todos los odontologos
[2024-08-08 21:54:10] [ INFO ] [OdontologoDAOH2:80] Lista de todos los odontologos
[2024-08-08 21:55:24] [ INFO ] [OdontologoDAOH2:21] Comenzamos a persistir un odontologo
[2024-08-08 21:55:24] [ INFO ] [OdontologoDAOH2:42] Este es el odontologo que se guardó Oriana con id: 1
[2024-08-08 21:55:24] [ INFO ] [OdontologoDAOH2:21] Comenzamos a persistir un odontologo
[2024-08-08 21:55:24] [ INFO ] [OdontologoDAOH2:42] Este es el odontologo que se guardó Anghelo con id: 2
[2024-08-08 21:55:25] [ INFO ] [OdontologoDAOH2:21] Comenzamos a persistir un odontologo
[2024-08-08 21:55:25] [ INFO ] [OdontologoDAOH2:42] Este es el odontologo que se guardó Pepito con id: 3
[2024-08-08 21:55:25] [ INFO ] [OdontologoDAOH2:79] Lista de todos los odontologos
[2024-08-09 01:01:57] [ INFO ] [OdontologoDAOH2:22] Comenzamos a persistir un odontologo
[2024-08-09 01:01:57] [ INFO ] [OdontologoDAOH2:43] Este es el odontologo que se guardó Oriana con id: 1
[2024-08-09 01:01:57] [ INFO ] [OdontologoDAOH2:22] Comenzamos a persistir un odontologo
[2024-08-09 01:01:57] [ INFO ] [OdontologoDAOH2:43] Este es el odontologo que se guardó Anghelo con id: 2
[2024-08-09 01:01:57] [ INFO ] [OdontologoDAOH2:22] Comenzamos a persistir un odontologo
[2024-08-09 01:01:57] [ INFO ] [OdontologoDAOH2:43] Este es el odontologo que se guardó Pepito con id: 3
[2024-08-09 01:01:57] [ INFO ] [OdontologoDAOH2:80] Listamos todos los odontologos
[2024-08-09 01:01:57] [ INFO ] [OdontologoDAOEnMemoria:21] Odontologo guardado en memoria Oriana
[2024-08-09 01:01:57] [ INFO ] [OdontologoDAOEnMemoria:21] Odontologo guardado en memoria Anghelo
[2024-08-09 01:01:57] [ INFO ] [OdontologoDAOEnMemoria:21] Odontologo guardado en memoria Pepito
[2024-08-09 01:01:57] [ INFO ] [OdontologoDAOEnMemoria:27] Lista de odontologos en memoria
[2024-08-09 01:02:08] [ INFO ] [OdontologoDAOH2:22] Comenzamos a persistir un odontologo
[2024-08-09 01:02:08] [ INFO ] [OdontologoDAOH2:43] Este es el odontologo que se guardó Oriana con id: 1
[2024-08-09 01:02:08] [ INFO ] [OdontologoDAOH2:22] Comenzamos a persistir un odontologo
[2024-08-09 01:02:08] [ INFO ] [OdontologoDAOH2:43] Este es el odontologo que se guardó Anghelo con id: 2
[2024-08-09 01:02:09] [ INFO ] [OdontologoDAOH2:22] Comenzamos a persistir un odontologo
[2024-08-09 01:02:09] [ INFO ] [OdontologoDAOH2:43] Este es el odontologo que se guardó Pepito con id: 3
[2024-08-09 01:02:09] [ INFO ] [OdontologoDAOH2:80] Listamos todos los odontologos
[2024-08-09 01:02:09] [ INFO ] [OdontologoDAOEnMemoria:21] Odontologo guardado en memoria Oriana
[2024-08-09 01:02:09] [ INFO ] [OdontologoDAOEnMemoria:21] Odontologo guardado en memoria Anghelo
[2024-08-09 01:02:09] [ INFO ] [OdontologoDAOEnMemoria:21] Odontologo guardado en memoria Pepito
[2024-08-09 01:02:09] [ INFO ] [OdontologoDAOEnMemoria:27] Lista de odontologos en memoria
